<?xml version="1.0" encoding="UTF-8"?>
<!-- Generated by org.testng.reporters.JUnitReportReporter -->
<testsuite name="testCases.ModuleRFI.InqFlowLI2_LoginTest" tests="1" time="0.000" ignored="0" failures="0" timestamp="13 Jul 2018 17:08:36 GMT" skipped="1" hostname="C111400215M4232" errors="0">
  <testcase name="InqFlowLI2_LoginTest_Test" time="0.000" classname="testCases.ModuleRFI.InqFlowLI2_LoginTest">
    <skipped/>
  </testcase> <!-- InqFlowLI2_LoginTest_Test -->
</testsuite> <!-- testCases.ModuleRFI.InqFlowLI2_LoginTest -->
