<?xml version="1.0" encoding="UTF-8"?>
<!-- Generated by org.testng.reporters.JUnitReportReporter -->
<testsuite name="testCases.ModuleRFI.InqFlowLI3_SuppInq_0004" tests="1" time="108.778" ignored="0" failures="0" timestamp="13 Jul 2018 17:08:37 GMT" skipped="0" hostname="C111400215M4232" errors="0">
  <testcase name="InqFlowLI3_SuppInq_0004Test" time="108.778" classname="testCases.ModuleRFI.InqFlowLI3_SuppInq_0004"/>
</testsuite> <!-- testCases.ModuleRFI.InqFlowLI3_SuppInq_0004 -->
