<?xml version="1.0" encoding="UTF-8"?>
<!-- Generated by org.testng.reporters.JUnitReportReporter -->
<testsuite name="testCases.ModuleUserAcc.Login_0008" tests="1" time="286.326" ignored="0" failures="0" timestamp="13 Jul 2018 17:08:37 GMT" skipped="0" hostname="C111400215M4232" errors="0">
  <testcase name="Login_0008Test" time="286.326" classname="testCases.ModuleUserAcc.Login_0008"/>
</testsuite> <!-- testCases.ModuleUserAcc.Login_0008 -->
