<?xml version="1.0" encoding="UTF-8"?>
<!-- Generated by org.testng.reporters.JUnitReportReporter -->
<testsuite name="testCases.ModuleRFI.InqFlowLI2_SuppInq_0002" tests="1" time="54.638" ignored="0" failures="0" timestamp="13 Jul 2018 17:08:36 GMT" skipped="0" hostname="C111400215M4232" errors="0">
  <testcase name="InqFlowLI2_SuppInq_0002Test" time="54.638" classname="testCases.ModuleRFI.InqFlowLI2_SuppInq_0002"/>
</testsuite> <!-- testCases.ModuleRFI.InqFlowLI2_SuppInq_0002 -->
