<?xml version="1.0" encoding="UTF-8"?>
<!-- Generated by org.testng.reporters.JUnitReportReporter -->
<testsuite skipped="0" hostname="C111400215M4232" name="testCases.ModuleSP.SupplierAGG_0032" tests="1" failures="0" timestamp="11 Oct 2017 08:24:57 GMT" time="86.062" errors="0">
  <testcase name="SupplierAGG_0032Test" time="86.062" classname="testCases.ModuleSP.SupplierAGG_0032"/>
</testsuite> <!-- testCases.ModuleSP.SupplierAGG_0032 -->
