<?xml version="1.0" encoding="UTF-8"?>
<!-- Generated by org.testng.reporters.JUnitReportReporter -->
<testsuite name="testCases.ModulePA.PA_Upgrade_0004" tests="1" time="0.000" ignored="0" failures="0" timestamp="13 Jul 2018 17:08:37 GMT" skipped="1" hostname="C111400215M4232" errors="0">
  <testcase name="PA_Upgrade_0004Test" time="0.000" classname="testCases.ModulePA.PA_Upgrade_0004">
    <skipped/>
  </testcase> <!-- PA_Upgrade_0004Test -->
</testsuite> <!-- testCases.ModulePA.PA_Upgrade_0004 -->
