<?xml version="1.0" encoding="UTF-8"?>
<!-- Generated by org.testng.reporters.JUnitReportReporter -->
<testsuite name="testCases.ModuleRFI.RFI_RequestLatestPrice_0001" tests="1" time="56.357" ignored="0" failures="0" timestamp="13 Jul 2018 17:08:37 GMT" skipped="0" hostname="C111400215M4232" errors="0">
  <testcase name="RFI_RequestLatestPrice_0001Test" time="56.357" classname="testCases.ModuleRFI.RFI_RequestLatestPrice_0001"/>
</testsuite> <!-- testCases.ModuleRFI.RFI_RequestLatestPrice_0001 -->
