<?xml version="1.0" encoding="UTF-8"?>
<!-- Generated by org.testng.reporters.JUnitReportReporter -->
<testsuite name="testCases.ModulePP.ProductProfile_0016" tests="1" time="0.000" ignored="0" failures="0" timestamp="13 Jul 2018 17:08:37 GMT" skipped="1" hostname="C111400215M4232" errors="0">
  <testcase name="ProductProfile_0016Test" time="0.000" classname="testCases.ModulePP.ProductProfile_0016">
    <skipped/>
  </testcase> <!-- ProductProfile_0016Test -->
</testsuite> <!-- testCases.ModulePP.ProductProfile_0016 -->
