<?xml version="1.0" encoding="UTF-8"?>
<!-- Generated by org.testng.reporters.JUnitReportReporter -->
<testsuite name="testCases.ModuleRFI.RFS_Form_0001" tests="1" time="57.875" ignored="0" failures="0" timestamp="13 Jul 2018 17:08:37 GMT" skipped="0" hostname="C111400215M4232" errors="0">
  <testcase name="RFS_Form_0001Test" time="57.875" classname="testCases.ModuleRFI.RFS_Form_0001"/>
</testsuite> <!-- testCases.ModuleRFI.RFS_Form_0001 -->
