<?xml version="1.0" encoding="UTF-8"?>
<!-- Generated by org.testng.reporters.JUnitReportReporter -->
<testsuite name="testCases.ModuleRFI.InqFlowLI2_SuppInq_0003" tests="1" time="97.438" ignored="0" failures="0" timestamp="13 Jul 2018 17:08:37 GMT" skipped="0" hostname="C111400215M4232" errors="0">
  <testcase name="InqFlowLI2_SuppInq_0003Test" time="97.438" classname="testCases.ModuleRFI.InqFlowLI2_SuppInq_0003"/>
</testsuite> <!-- testCases.ModuleRFI.InqFlowLI2_SuppInq_0003 -->
