<?xml version="1.0" encoding="UTF-8"?>
<!-- Generated by org.testng.reporters.JUnitReportReporter -->
<testsuite name="testCases.ModuleSearch.NewsAdvSearch_0005" tests="1" time="0.000" ignored="0" failures="0" timestamp="13 Jul 2018 17:08:36 GMT" skipped="1" hostname="C111400215M4232" errors="0">
  <testcase name="NewsAdvSearch_0005Test" time="0.000" classname="testCases.ModuleSearch.NewsAdvSearch_0005">
    <skipped/>
  </testcase> <!-- NewsAdvSearch_0005Test -->
</testsuite> <!-- testCases.ModuleSearch.NewsAdvSearch_0005 -->
