<?xml version="1.0" encoding="UTF-8"?>
<!-- Generated by org.testng.reporters.JUnitReportReporter -->
<testsuite name="testCases.ModuleeMag.eMagLite_0004" tests="1" time="48.498" ignored="0" failures="0" timestamp="13 Jul 2018 17:08:36 GMT" skipped="0" hostname="C111400215M4232" errors="0">
  <testcase name="eMagLite_0004Test" time="48.498" classname="testCases.ModuleeMag.eMagLite_0004"/>
</testsuite> <!-- testCases.ModuleeMag.eMagLite_0004 -->
