<?xml version="1.0" encoding="UTF-8"?>
<!-- Generated by org.testng.reporters.JUnitReportReporter -->
<testsuite name="testCases.ModulePP.ProductProfile_0008" tests="1" time="0.000" ignored="0" failures="0" timestamp="13 Jul 2018 17:08:36 GMT" skipped="1" hostname="C111400215M4232" errors="0">
  <testcase name="ProductProfile_0008Test" time="0.000" classname="testCases.ModulePP.ProductProfile_0008">
    <skipped/>
  </testcase> <!-- ProductProfile_0008Test -->
</testsuite> <!-- testCases.ModulePP.ProductProfile_0008 -->
