<?xml version="1.0" encoding="UTF-8"?>
<!-- Generated by org.testng.reporters.JUnitReportReporter -->
<testsuite name="testCases.ModuleRFI.InqFlowLI3_PdtInq_0006" tests="1" time="124.850" ignored="0" failures="0" timestamp="13 Jul 2018 17:08:36 GMT" skipped="0" hostname="C111400215M4232" errors="0">
  <testcase name="InqFlowLI3_PdtInq_0006Test" time="124.850" classname="testCases.ModuleRFI.InqFlowLI3_PdtInq_0006"/>
</testsuite> <!-- testCases.ModuleRFI.InqFlowLI3_PdtInq_0006 -->
