<?xml version="1.0" encoding="UTF-8"?>
<!-- Generated by org.testng.reporters.JUnitReportReporter -->
<testsuite name="testCases.ModuleUserAcc.Login_0005" tests="1" time="38.188" ignored="0" failures="0" timestamp="13 Jul 2018 17:08:37 GMT" skipped="0" hostname="C111400215M4232" errors="0">
  <testcase name="Login_0005Test" time="38.188" classname="testCases.ModuleUserAcc.Login_0005"/>
</testsuite> <!-- testCases.ModuleUserAcc.Login_0005 -->
