<?xml version="1.0" encoding="UTF-8"?>
<!-- Generated by org.testng.reporters.JUnitReportReporter -->
<testsuite name="testCases.ModuleRFI.InqFlowLI2_PdtInq_0007" tests="1" time="94.283" ignored="0" failures="0" timestamp="13 Jul 2018 17:08:37 GMT" skipped="0" hostname="C111400215M4232" errors="0">
  <testcase name="InqFlowLI2_PdtInq_0007Test" time="94.283" classname="testCases.ModuleRFI.InqFlowLI2_PdtInq_0007"/>
</testsuite> <!-- testCases.ModuleRFI.InqFlowLI2_PdtInq_0007 -->
