<?xml version="1.0" encoding="UTF-8"?>
<!-- Generated by org.testng.reporters.JUnitReportReporter -->
<testsuite name="testCases.ModulePA.PA_EditCategories_0021" tests="1" time="281.131" ignored="0" failures="0" timestamp="13 Jul 2018 17:08:37 GMT" skipped="0" hostname="C111400215M4232" errors="0">
  <testcase name="PA_EditCategories_0021Test" time="281.131" classname="testCases.ModulePA.PA_EditCategories_0021"/>
</testsuite> <!-- testCases.ModulePA.PA_EditCategories_0021 -->
