<?xml version="1.0" encoding="UTF-8"?>
<!-- Generated by org.testng.reporters.JUnitReportReporter -->
<testsuite name="testCases.ModuleNavBar.TopNavigator_0002" tests="1" time="612.201" ignored="0" failures="0" timestamp="13 Jul 2018 17:08:36 GMT" skipped="0" hostname="C111400215M4232" errors="0">
  <testcase name="TopNavigator_0002Test" time="612.201" classname="testCases.ModuleNavBar.TopNavigator_0002"/>
</testsuite> <!-- testCases.ModuleNavBar.TopNavigator_0002 -->
