<?xml version="1.0" encoding="UTF-8"?>
<!-- Generated by org.testng.reporters.JUnitReportReporter -->
<testsuite name="testCases.ModuleRFI.InqFlowLI1_PdtInq_0004" tests="1" time="105.585" ignored="0" failures="0" timestamp="13 Jul 2018 17:08:37 GMT" skipped="0" hostname="C111400215M4232" errors="0">
  <testcase name="InqFlowLI1_PdtInq_0004Test" time="105.585" classname="testCases.ModuleRFI.InqFlowLI1_PdtInq_0004"/>
</testsuite> <!-- testCases.ModuleRFI.InqFlowLI1_PdtInq_0004 -->
