<?xml version="1.0" encoding="UTF-8"?>
<!-- Generated by org.testng.reporters.JUnitReportReporter -->
<testsuite name="testCases.ModuleUserAcc.RFI_BuyerProfile_0002" tests="1" time="53.703" ignored="0" failures="0" timestamp="13 Jul 2018 17:08:37 GMT" skipped="0" hostname="C111400215M4232" errors="0">
  <testcase name="RFI_BuyerProfile_0002Test" time="53.703" classname="testCases.ModuleUserAcc.RFI_BuyerProfile_0002"/>
</testsuite> <!-- testCases.ModuleUserAcc.RFI_BuyerProfile_0002 -->
