<?xml version="1.0" encoding="UTF-8"?>
<!-- Generated by org.testng.reporters.JUnitReportReporter -->
<testsuite name="testCases.ModuleeMag.eMagSubscription_0004" tests="1" time="294.590" ignored="0" failures="0" timestamp="13 Jul 2018 17:08:36 GMT" skipped="0" hostname="C111400215M4232" errors="0">
  <testcase name="eMagSubscription_0004Test" time="294.590" classname="testCases.ModuleeMag.eMagSubscription_0004"/>
</testsuite> <!-- testCases.ModuleeMag.eMagSubscription_0004 -->
