<?xml version="1.0" encoding="UTF-8"?>
<!-- Generated by org.testng.reporters.JUnitReportReporter -->
<testsuite name="testCases.ModulePA.PA_EditCategories_0018" tests="1" time="46.470" ignored="0" failures="0" timestamp="13 Jul 2018 17:08:37 GMT" skipped="0" hostname="C111400215M4232" errors="0">
  <testcase name="PA_EditCategories_0018Test" time="46.470" classname="testCases.ModulePA.PA_EditCategories_0018"/>
</testsuite> <!-- testCases.ModulePA.PA_EditCategories_0018 -->
