<?xml version="1.0" encoding="UTF-8"?>
<!-- Generated by org.testng.reporters.JUnitReportReporter -->
<testsuite name="testCases.ModuleRFI.InqFlowLI1_SuppInq_0001" tests="1" time="66.553" ignored="0" failures="0" timestamp="13 Jul 2018 17:08:36 GMT" skipped="0" hostname="C111400215M4232" errors="0">
  <testcase name="InqFlowLI1_SuppInq_0001Test" time="66.553" classname="testCases.ModuleRFI.InqFlowLI1_SuppInq_0001"/>
</testsuite> <!-- testCases.ModuleRFI.InqFlowLI1_SuppInq_0001 -->
