<?xml version="1.0" encoding="UTF-8"?>
<!-- Generated by org.testng.reporters.JUnitReportReporter -->
<testsuite name="testCases.ModuleSP.SupplierProfile_0007" tests="1" time="0.000" ignored="0" failures="0" timestamp="13 Jul 2018 17:08:37 GMT" skipped="1" hostname="C111400215M4232" errors="0">
  <testcase name="SupplierProfile_0007Test" time="0.000" classname="testCases.ModuleSP.SupplierProfile_0007">
    <skipped/>
  </testcase> <!-- SupplierProfile_0007Test -->
</testsuite> <!-- testCases.ModuleSP.SupplierProfile_0007 -->
