<?xml version="1.0" encoding="UTF-8"?>
<!-- Generated by org.testng.reporters.JUnitReportReporter -->
<testsuite name="testCases.ModulePA.PA_LiteSignup_0013" tests="1" time="15.725" ignored="0" failures="0" timestamp="13 Jul 2018 17:08:36 GMT" skipped="0" hostname="C111400215M4232" errors="0">
  <testcase name="PA_LiteSignup_0013Test" time="15.725" classname="testCases.ModulePA.PA_LiteSignup_0013"/>
</testsuite> <!-- testCases.ModulePA.PA_LiteSignup_0013 -->
