<?xml version="1.0" encoding="UTF-8"?>
<!-- Generated by org.testng.reporters.JUnitReportReporter -->
<testsuite name="testCases.ModuleUserAcc.Login_0006" tests="1" time="0.000" ignored="0" failures="0" timestamp="29 Mar 2017 05:43:43 GMT" skipped="1" hostname="C111400215M4232" errors="0">
  <testcase name="Login_0006Test" time="0.000" classname="testCases.ModuleUserAcc.Login_0006">
    <skipped/>
  </testcase> <!-- Login_0006Test -->
</testsuite> <!-- testCases.ModuleUserAcc.Login_0006 -->
