<?xml version="1.0" encoding="UTF-8"?>
<!-- Generated by org.testng.reporters.JUnitReportReporter -->
<testsuite name="testCases.ModuleRFI.InqFlowLI1_PdtInq_0010" tests="1" time="107.155" ignored="0" failures="0" timestamp="13 Jul 2018 17:08:36 GMT" skipped="0" hostname="C111400215M4232" errors="0">
  <testcase name="InqFlowLI1_PdtInq_0010Test" time="107.155" classname="testCases.ModuleRFI.InqFlowLI1_PdtInq_0010"/>
</testsuite> <!-- testCases.ModuleRFI.InqFlowLI1_PdtInq_0010 -->
