<?xml version="1.0" encoding="UTF-8"?>
<!-- Generated by org.testng.reporters.JUnitReportReporter -->
<testsuite name="testCases.ModuleUserAcc.Login_0009" tests="1" time="47.964" ignored="0" failures="0" timestamp="13 Jul 2018 17:08:36 GMT" skipped="0" hostname="C111400215M4232" errors="0">
  <testcase name="Login_0009Test" time="47.964" classname="testCases.ModuleUserAcc.Login_0009"/>
</testsuite> <!-- testCases.ModuleUserAcc.Login_0009 -->
