<?xml version="1.0" encoding="UTF-8"?>
<!-- Generated by org.testng.reporters.JUnitReportReporter -->
<testsuite name="testCases.ModuleUserAcc.RFI_BuyerProfile_0006" tests="1" time="0.016" ignored="0" failures="0" timestamp="13 Jul 2018 17:08:36 GMT" skipped="1" hostname="C111400215M4232" errors="0">
  <testcase name="RFI_BuyerProfile_0006Test" time="0.016" classname="testCases.ModuleUserAcc.RFI_BuyerProfile_0006">
    <skipped/>
  </testcase> <!-- RFI_BuyerProfile_0006Test -->
</testsuite> <!-- testCases.ModuleUserAcc.RFI_BuyerProfile_0006 -->
