<?xml version="1.0" encoding="UTF-8"?>
<!-- Generated by org.testng.reporters.JUnitReportReporter -->
<testsuite name="testCases.ModuleeMag.eMagLite_0002" tests="1" time="0.000" ignored="0" failures="0" timestamp="13 Jul 2018 17:08:36 GMT" skipped="1" hostname="C111400215M4232" errors="0">
  <testcase name="eMagLite_0002Test" time="0.000" classname="testCases.ModuleeMag.eMagLite_0002">
    <skipped/>
  </testcase> <!-- eMagLite_0002Test -->
</testsuite> <!-- testCases.ModuleeMag.eMagLite_0002 -->
