<?xml version="1.0" encoding="UTF-8"?>
<!-- Generated by org.testng.reporters.JUnitReportReporter -->
<testsuite name="testCases.ModuleUserAcc.RFI_BuyerProfile_0003" tests="1" time="315.780" ignored="0" failures="0" timestamp="13 Jul 2018 17:08:36 GMT" skipped="0" hostname="C111400215M4232" errors="0">
  <testcase name="RFI_BuyerProfile_0003Test" time="315.780" classname="testCases.ModuleUserAcc.RFI_BuyerProfile_0003"/>
</testsuite> <!-- testCases.ModuleUserAcc.RFI_BuyerProfile_0003 -->
