<?xml version="1.0" encoding="UTF-8"?>
<!-- Generated by org.testng.reporters.JUnitReportReporter -->
<testsuite name="testCases.ModulePA.PA_EditCategories_0008" tests="1" time="60.890" ignored="0" failures="0" timestamp="13 Jul 2018 17:08:36 GMT" skipped="0" hostname="C111400215M4232" errors="0">
  <testcase name="PA_EditCategories_0008Test" time="60.890" classname="testCases.ModulePA.PA_EditCategories_0008"/>
</testsuite> <!-- testCases.ModulePA.PA_EditCategories_0008 -->
