<?xml version="1.0" encoding="UTF-8"?>
<!-- Generated by org.testng.reporters.JUnitReportReporter -->
<testsuite name="testCases.ModulePA.PA_EditCategories_0004" tests="1" time="66.864" ignored="0" failures="0" timestamp="13 Jul 2018 17:08:36 GMT" skipped="0" hostname="C111400215M4232" errors="0">
  <testcase name="PA_EditCategories_0004Test" time="66.864" classname="testCases.ModulePA.PA_EditCategories_0004"/>
</testsuite> <!-- testCases.ModulePA.PA_EditCategories_0004 -->
