<?xml version="1.0" encoding="UTF-8"?>
<!-- Generated by org.testng.reporters.JUnitReportReporter -->
<testsuite name="testCases.ModuleSA.SupplierAlert_0013" tests="1" time="80.822" ignored="0" failures="0" timestamp="13 Jul 2018 17:08:37 GMT" skipped="0" hostname="C111400215M4232" errors="0">
  <testcase name="SupplierAlert_0013Test" time="80.822" classname="testCases.ModuleSA.SupplierAlert_0013"/>
</testsuite> <!-- testCases.ModuleSA.SupplierAlert_0013 -->
