<?xml version="1.0" encoding="UTF-8"?>
<!-- Generated by org.testng.reporters.JUnitReportReporter -->
<testsuite name="testCases.ModuleReg.Registration_0011" tests="1" time="39.418" ignored="0" failures="0" timestamp="13 Jul 2018 17:08:37 GMT" skipped="0" hostname="C111400215M4232" errors="0">
  <testcase name="Registration_0011Test" time="39.418" classname="testCases.ModuleReg.Registration_0011"/>
</testsuite> <!-- testCases.ModuleReg.Registration_0011 -->
