<?xml version="1.0" encoding="UTF-8"?>
<!-- Generated by org.testng.reporters.JUnitReportReporter -->
<testsuite name="testCases.ModuleeMag.eMagSubscription_0003" tests="1" time="0.000" ignored="0" failures="0" timestamp="13 Jul 2018 17:08:37 GMT" skipped="1" hostname="C111400215M4232" errors="0">
  <testcase name="eMagSubscription_0003Test" time="0.000" classname="testCases.ModuleeMag.eMagSubscription_0003">
    <skipped/>
  </testcase> <!-- eMagSubscription_0003Test -->
</testsuite> <!-- testCases.ModuleeMag.eMagSubscription_0003 -->
