<?xml version="1.0" encoding="UTF-8"?>
<!-- Generated by org.testng.reporters.JUnitReportReporter -->
<testsuite name="testCases.ModuleUserAcc.RFS_BuyerProfile_0001" tests="1" time="106.560" ignored="0" failures="0" timestamp="13 Jul 2018 17:08:36 GMT" skipped="0" hostname="C111400215M4232" errors="0">
  <testcase name="RFS_BuyerProfile_0001Test" time="106.560" classname="testCases.ModuleUserAcc.RFS_BuyerProfile_0001"/>
</testsuite> <!-- testCases.ModuleUserAcc.RFS_BuyerProfile_0001 -->
