<?xml version="1.0" encoding="UTF-8"?>
<!-- Generated by org.testng.reporters.JUnitReportReporter -->
<testsuite name="testCases.ModuleRFI.InqFlowLI3_PdtInq_0007" tests="1" time="103.205" ignored="0" failures="0" timestamp="13 Jul 2018 17:08:36 GMT" skipped="0" hostname="C111400215M4232" errors="0">
  <testcase name="InqFlowLI3_PdtInq_0007Test" time="103.205" classname="testCases.ModuleRFI.InqFlowLI3_PdtInq_0007"/>
</testsuite> <!-- testCases.ModuleRFI.InqFlowLI3_PdtInq_0007 -->
