<?xml version="1.0" encoding="UTF-8"?>
<!-- Generated by org.testng.reporters.JUnitReportReporter -->
<testsuite name="testCases.ModuleUserAcc.RFI_BuyerProfile_0004" tests="1" time="65.488" ignored="0" failures="0" timestamp="16 Jul 2018 17:32:39 GMT" skipped="0" hostname="C111400215M4232" errors="0">
  <testcase name="RFI_BuyerProfile_0004Test" time="65.488" classname="testCases.ModuleUserAcc.RFI_BuyerProfile_0004"/>
</testsuite> <!-- testCases.ModuleUserAcc.RFI_BuyerProfile_0004 -->
