<?xml version="1.0" encoding="UTF-8"?>
<!-- Generated by org.testng.reporters.JUnitReportReporter -->
<testsuite name="testCases.ModuleRFI.RFI_Form_0005" tests="1" time="62.961" ignored="0" failures="0" timestamp="16 Jul 2018 17:32:39 GMT" skipped="0" hostname="C111400215M4232" errors="0">
  <testcase name="RFI_Form_0005Test" time="62.961" classname="testCases.ModuleRFI.RFI_Form_0005"/>
</testsuite> <!-- testCases.ModuleRFI.RFI_Form_0005 -->
