<?xml version="1.0" encoding="UTF-8"?>
<!-- Generated by org.testng.reporters.JUnitReportReporter -->
<testsuite name="testCases.ModuleRFI.InqFlowLI1_PdtInq_0012" tests="1" time="130.251" ignored="0" failures="0" timestamp="16 Jul 2018 17:32:39 GMT" skipped="0" hostname="C111400215M4232" errors="0">
  <testcase name="InqFlowLI1_PdtInq_0012Test" time="130.251" classname="testCases.ModuleRFI.InqFlowLI1_PdtInq_0012"/>
</testsuite> <!-- testCases.ModuleRFI.InqFlowLI1_PdtInq_0012 -->
