<?xml version="1.0" encoding="UTF-8"?>
<!-- Generated by org.testng.reporters.JUnitReportReporter -->
<testsuite name="testCases.ModuleUserAcc.ForgetPassword_0002" tests="1" time="25.083" ignored="0" failures="0" timestamp="16 Jul 2018 17:32:39 GMT" skipped="0" hostname="C111400215M4232" errors="0">
  <testcase name="ForgetPassword_0002Test" time="25.083" classname="testCases.ModuleUserAcc.ForgetPassword_0002"/>
</testsuite> <!-- testCases.ModuleUserAcc.ForgetPassword_0002 -->
