<?xml version="1.0" encoding="UTF-8"?>
<!-- Generated by org.testng.reporters.JUnitReportReporter -->
<testsuite name="testCases.ModuleeMag.eMagSubscription_0006" tests="1" time="286.695" ignored="0" failures="0" timestamp="16 Jul 2018 17:32:39 GMT" skipped="0" hostname="C111400215M4232" errors="0">
  <testcase name="eMagSubscription_0006Test" time="286.695" classname="testCases.ModuleeMag.eMagSubscription_0006"/>
</testsuite> <!-- testCases.ModuleeMag.eMagSubscription_0006 -->
