<?xml version="1.0" encoding="UTF-8"?>
<!-- Generated by org.testng.reporters.JUnitReportReporter -->
<testsuite name="testCases.ModuleUserAcc.RFS_BuyerProfile_0003" tests="1" time="73.720" ignored="0" failures="0" timestamp="16 Jul 2018 17:32:39 GMT" skipped="0" hostname="C111400215M4232" errors="0">
  <testcase name="RFS_BuyerProfile_0003Test" time="73.720" classname="testCases.ModuleUserAcc.RFS_BuyerProfile_0003"/>
</testsuite> <!-- testCases.ModuleUserAcc.RFS_BuyerProfile_0003 -->
