<?xml version="1.0" encoding="UTF-8"?>
<!-- Generated by org.testng.reporters.JUnitReportReporter -->
<testsuite name="testCases.ModuleeMag.eMagLite_0003" tests="1" time="40.900" ignored="0" failures="0" timestamp="16 Jul 2018 17:32:39 GMT" skipped="0" hostname="C111400215M4232" errors="0">
  <testcase name="eMagLite_000Test" time="40.900" classname="testCases.ModuleeMag.eMagLite_0003"/>
</testsuite> <!-- testCases.ModuleeMag.eMagLite_0003 -->
