<?xml version="1.0" encoding="UTF-8"?>
<!-- Generated by org.testng.reporters.JUnitReportReporter -->
<testsuite name="testCases.ModuleSearch.SuppAdvSearch_0011" tests="1" time="0.000" ignored="0" failures="0" timestamp="16 Jul 2018 17:32:39 GMT" skipped="1" hostname="C111400215M4232" errors="0">
  <testcase name="SuppAdvSearch_0011Test" time="0.000" classname="testCases.ModuleSearch.SuppAdvSearch_0011">
    <skipped/>
  </testcase> <!-- SuppAdvSearch_0011Test -->
</testsuite> <!-- testCases.ModuleSearch.SuppAdvSearch_0011 -->
