<?xml version="1.0" encoding="UTF-8"?>
<!-- Generated by org.testng.reporters.JUnitReportReporter -->
<testsuite name="testCases.ModuleRFI.RFI_ProductProfile_0001" tests="1" time="0.000" ignored="0" failures="0" timestamp="18 Jan 2017 08:55:31 GMT" skipped="1" hostname="C111400215M4232" errors="0">
  <testcase name="RFI_ProductProfile_0001Test" time="0.000" classname="testCases.ModuleRFI.RFI_ProductProfile_0001">
    <skipped/>
  </testcase> <!-- RFI_ProductProfile_0001Test -->
</testsuite> <!-- testCases.ModuleRFI.RFI_ProductProfile_0001 -->
