<?xml version="1.0" encoding="UTF-8"?>
<!-- Generated by org.testng.reporters.JUnitReportReporter -->
<testsuite name="testCases.ModuleeMag.eMagSubscription_0005" tests="1" time="49.118" ignored="0" failures="0" timestamp="16 Jul 2018 17:32:39 GMT" skipped="0" hostname="C111400215M4232" errors="0">
  <testcase name="eMagSubscription_0005Test" time="49.118" classname="testCases.ModuleeMag.eMagSubscription_0005"/>
</testsuite> <!-- testCases.ModuleeMag.eMagSubscription_0005 -->
