<?xml version="1.0" encoding="UTF-8"?>
<!-- Generated by org.testng.reporters.JUnitReportReporter -->
<testsuite name="testCases.ModuleSA.SupplierAlert_0006" tests="1" time="119.445" ignored="0" failures="0" timestamp="16 Jul 2018 17:32:39 GMT" skipped="0" hostname="C111400215M4232" errors="0">
  <testcase name="SupplierAlert_0006Test" time="119.445" classname="testCases.ModuleSA.SupplierAlert_0006"/>
</testsuite> <!-- testCases.ModuleSA.SupplierAlert_0006 -->
