<?xml version="1.0" encoding="UTF-8"?>
<!-- Generated by org.testng.reporters.JUnitReportReporter -->
<testsuite name="testCases.ModulePA.PA_EditCategories_0012" tests="1" time="62.395" ignored="0" failures="0" timestamp="16 Jul 2018 17:32:38 GMT" skipped="0" hostname="C111400215M4232" errors="0">
  <testcase name="PA_EditCategories_0012Test" time="62.395" classname="testCases.ModulePA.PA_EditCategories_0012"/>
</testsuite> <!-- testCases.ModulePA.PA_EditCategories_0012 -->
