<?xml version="1.0" encoding="UTF-8"?>
<!-- Generated by org.testng.reporters.JUnitReportReporter -->
<testsuite name="testCases.ModuleSA.SupplierAlert_0010" tests="1" time="346.444" ignored="0" failures="0" timestamp="16 Jul 2018 17:32:39 GMT" skipped="0" hostname="C111400215M4232" errors="0">
  <testcase name="SupplierAlert_0010Test" time="346.444" classname="testCases.ModuleSA.SupplierAlert_0010"/>
</testsuite> <!-- testCases.ModuleSA.SupplierAlert_0010 -->
