<?xml version="1.0" encoding="UTF-8"?>
<!-- Generated by org.testng.reporters.JUnitReportReporter -->
<testsuite name="testCases.ModulePA.PA_EditCategories_0017" tests="1" time="315.993" ignored="0" failures="0" timestamp="16 Jul 2018 17:32:39 GMT" skipped="0" hostname="C111400215M4232" errors="0">
  <testcase name="PA_EditCategories_0017Test" time="315.993" classname="testCases.ModulePA.PA_EditCategories_0017"/>
</testsuite> <!-- testCases.ModulePA.PA_EditCategories_0017 -->
