<?xml version="1.0" encoding="UTF-8"?>
<!-- Generated by org.testng.reporters.JUnitReportReporter -->
<testsuite name="testCases.ModuleUserAcc.Login_0009" tests="1" time="48.368" ignored="0" failures="0" timestamp="16 Jul 2018 17:32:39 GMT" skipped="0" hostname="C111400215M4232" errors="0">
  <testcase name="Login_0009Test" time="48.368" classname="testCases.ModuleUserAcc.Login_0009"/>
</testsuite> <!-- testCases.ModuleUserAcc.Login_0009 -->
