<?xml version="1.0" encoding="UTF-8"?>
<!-- Generated by org.testng.reporters.JUnitReportReporter -->
<testsuite name="testCases.ModuleSP.SupplierAGG_0015" tests="1" time="0.000" ignored="0" failures="0" timestamp="16 Jul 2018 17:32:39 GMT" skipped="1" hostname="C111400215M4232" errors="0">
  <testcase name="SupplierAGG_0015Test" time="0.000" classname="testCases.ModuleSP.SupplierAGG_0015">
    <skipped/>
  </testcase> <!-- SupplierAGG_0015Test -->
</testsuite> <!-- testCases.ModuleSP.SupplierAGG_0015 -->
