<?xml version="1.0" encoding="UTF-8"?>
<!-- Generated by org.testng.reporters.JUnitReportReporter -->
<testsuite name="testCases.ModulePA.PA_LiteSignup_0012" tests="1" time="14.574" ignored="0" failures="0" timestamp="16 Jul 2018 17:32:39 GMT" skipped="0" hostname="C111400215M4232" errors="0">
  <testcase name="PA_LiteSignup_0012Test" time="14.574" classname="testCases.ModulePA.PA_LiteSignup_0012"/>
</testsuite> <!-- testCases.ModulePA.PA_LiteSignup_0012 -->
