<?xml version="1.0" encoding="UTF-8"?>
<!-- Generated by org.testng.reporters.JUnitReportReporter -->
<testsuite name="testCases.ModuleRFI.InqFlowLI2_PdtInq_0004" tests="1" time="113.956" ignored="0" failures="0" timestamp="16 Jul 2018 17:32:39 GMT" skipped="0" hostname="C111400215M4232" errors="0">
  <testcase name="InqFlowLI2_PdtInq_0004Test" time="113.956" classname="testCases.ModuleRFI.InqFlowLI2_PdtInq_0004"/>
</testsuite> <!-- testCases.ModuleRFI.InqFlowLI2_PdtInq_0004 -->
