<?xml version="1.0" encoding="UTF-8"?>
<!-- Generated by org.testng.reporters.JUnitReportReporter -->
<testsuite name="testCases.ModuleRFI.InqFlowLI2_PdtInq_0011" tests="1" time="96.021" ignored="0" failures="0" timestamp="16 Jul 2018 17:32:39 GMT" skipped="0" hostname="C111400215M4232" errors="0">
  <testcase name="InqFlowLI2_PdtInq_0011Test" time="96.021" classname="testCases.ModuleRFI.InqFlowLI2_PdtInq_0011"/>
</testsuite> <!-- testCases.ModuleRFI.InqFlowLI2_PdtInq_0011 -->
