<?xml version="1.0" encoding="UTF-8"?>
<!-- Generated by org.testng.reporters.JUnitReportReporter -->
<testsuite name="testCases.ModuleRFI.InqFlowLI3_PdtInq_0001" tests="1" time="362.909" ignored="0" failures="0" timestamp="16 Jul 2018 17:32:39 GMT" skipped="0" hostname="C111400215M4232" errors="0">
  <testcase name="InqFlowLI3_PdtInq_0001Test" time="362.909" classname="testCases.ModuleRFI.InqFlowLI3_PdtInq_0001"/>
</testsuite> <!-- testCases.ModuleRFI.InqFlowLI3_PdtInq_0001 -->
