<?xml version="1.0" encoding="UTF-8"?>
<!-- Generated by org.testng.reporters.JUnitReportReporter -->
<testsuite name="testCases.ModuleRFI.InqFlowLI1_PdtInq_0005" tests="1" time="94.535" ignored="0" failures="0" timestamp="16 Jul 2018 17:32:39 GMT" skipped="0" hostname="C111400215M4232" errors="0">
  <testcase name="InqFlowLI1_PdtInq_0005Test" time="94.535" classname="testCases.ModuleRFI.InqFlowLI1_PdtInq_0005"/>
</testsuite> <!-- testCases.ModuleRFI.InqFlowLI1_PdtInq_0005 -->
