<?xml version="1.0" encoding="UTF-8"?>
<!-- Generated by org.testng.reporters.JUnitReportReporter -->
<testsuite name="testCases.ModuleReg.Registration_0011" tests="1" time="40.438" ignored="0" failures="0" timestamp="16 Jul 2018 17:32:39 GMT" skipped="0" hostname="C111400215M4232" errors="0">
  <testcase name="Registration_0011Test" time="40.438" classname="testCases.ModuleReg.Registration_0011"/>
</testsuite> <!-- testCases.ModuleReg.Registration_0011 -->
