<?xml version="1.0" encoding="UTF-8"?>
<!-- Generated by org.testng.reporters.JUnitReportReporter -->
<testsuite skipped="0" hostname="C111400215M4232" name="testCases.ModuleSP.SupplierAGG_0031" tests="1" failures="0" timestamp="11 Oct 2017 06:15:15 GMT" time="67.967" errors="0">
  <testcase name="SupplierAGG_0031Test" time="67.967" classname="testCases.ModuleSP.SupplierAGG_0031"/>
</testsuite> <!-- testCases.ModuleSP.SupplierAGG_0031 -->
