<?xml version="1.0" encoding="UTF-8"?>
<!-- Generated by org.testng.reporters.JUnitReportReporter -->
<testsuite name="testCases.ModuleRFI.InqFlowLI1_PdtInq_0007" tests="1" time="93.739" ignored="0" failures="0" timestamp="16 Jul 2018 17:32:39 GMT" skipped="0" hostname="C111400215M4232" errors="0">
  <testcase name="InqFlowLI1_PdtInq_0007Test" time="93.739" classname="testCases.ModuleRFI.InqFlowLI1_PdtInq_0007"/>
</testsuite> <!-- testCases.ModuleRFI.InqFlowLI1_PdtInq_0007 -->
