<?xml version="1.0" encoding="UTF-8"?>
<!-- Generated by org.testng.reporters.JUnitReportReporter -->
<testsuite name="testCases.ModuleSearch.AdvanceSearch_0004" tests="1" time="0.000" ignored="0" failures="0" timestamp="16 Jul 2018 17:32:39 GMT" skipped="1" hostname="C111400215M4232" errors="0">
  <testcase name="AdvanceSearch_0004Test" time="0.000" classname="testCases.ModuleSearch.AdvanceSearch_0004">
    <skipped/>
  </testcase> <!-- AdvanceSearch_0004Test -->
</testsuite> <!-- testCases.ModuleSearch.AdvanceSearch_0004 -->
